
scontrol show job 347968
JobId=347968 JobName=bash
   UserId=doyoung(3157567) GroupId=doyoung(3157567) MCS_label=N/A
   Priority=376690 Nice=0 Account=def-bussmann QOS=normal
   JobState=COMPLETING Reason=TimeLimit Dependency=(null)
   Requeue=0 Restarts=0 BatchFlag=0 Reboot=0 ExitCode=0:9
   RunTime=01:00:29 TimeLimit=01:00:00 TimeMin=N/A
   SubmitTime=2026-03-14T23:56:59 EligibleTime=2026-03-14T23:56:59
   AccrueTime=2026-03-14T23:56:59
   StartTime=2026-03-15T00:31:02 EndTime=2026-03-15T01:31:31 Deadline=N/A
   SuspendTime=None SecsPreSuspend=0 LastSchedEval=2026-03-15T00:31:02 Scheduler=Backfill
   Partition=compute AllocNode:Sid=trig-login01:3231331
   ReqNodeList=(null) ExcNodeList=(null)
   NodeList=trig0004
   BatchHost=trig0004
   NumNodes=1 NumCPUs=24 NumTasks=1 CPUs/Task=1 ReqB:S:C:T=0:0:*:*
   ReqTRES=cpu=1,mem=48G,node=1,billing=1,gres/gpu=1
   AllocTRES=cpu=24,mem=48G,node=1,billing=1,gres/gpu=1
   Socks/Node=* NtasksPerN:B:S:C=0:0:*:* CoreSpec=*
   MinCPUsNode=1 MinMemoryNode=48G MinTmpDiskNode=0
   Features=(null) DelayBoot=00:00:00
   OverSubscribe=OK Contiguous=0 Licenses=(null) Network=(null)
   Command=bash
   WorkDir=/scratch/doyoung/projects/rag_vla/ricl_openpi
   CpusPerTres=gpu:24
   TresPerNode=gres/gpu:1
   

sacct -j 347968
JobID           JobName    Account    Elapsed  MaxVMSize     MaxRSS  SystemCPU    UserCPU ExitCode 
------------ ---------- ---------- ---------- ---------- ---------- ---------- ---------- -------- 
347968             bash def-bussm+   01:00:29                         00:00:00   00:00:00      0:0 
347968.exte+     extern def-bussm+   01:00:29                         00:00:00   00:00:00      0:0 
347968.0           bash def-bussm+   01:00:27                         00:00:00   00:00:00      0:0 

